<?xml version="1.0" encoding="UTF-8"?>
<testsuite name="com.cryonum.links.RemoteLinksRepositoryTest" tests="3" skipped="0" failures="0" errors="0" timestamp="2026-09-07T19:28:24.511Z" hostname="localhost" time="0.007">
  <properties/>
  <testcase name="rejectsRollbackAndKeepsNewerCachedLink" classname="com.cryonum.links.RemoteLinksRepositoryTest" time="0.004"/>
  <testcase name="usesCachedLinkWhenNetworkFails" classname="com.cryonum.links.RemoteLinksRepositoryTest" time="0.002"/>
  <testcase name="storesFreshRemoteLink" classname="com.cryonum.links.RemoteLinksRepositoryTest" time="0.001"/>
  <system-out><![CDATA[]]></system-out>
  <system-err><![CDATA[]]></system-err>
</testsuite>
