<?xml version="1.0" encoding="UTF-8"?>
<testsuite name="com.cryonum.ThemeManagerTests" tests="3" skipped="0" failures="0" errors="0" timestamp="2026-09-07T19:28:23.653Z" hostname="localhost" time="0.002">
  <properties/>
  <testcase name="testAppThemeFromValueCaseInsensitive" classname="com.cryonum.ThemeManagerTests" time="0.001"/>
  <testcase name="testAppThemeFromValue" classname="com.cryonum.ThemeManagerTests" time="0.001"/>
  <testcase name="testAppThemeFromValueDefault" classname="com.cryonum.ThemeManagerTests" time="0.0"/>
  <system-out><![CDATA[]]></system-out>
  <system-err><![CDATA[]]></system-err>
</testsuite>
