<?xml version="1.0" encoding="UTF-8"?>
<testsuite name="com.cryonum.CalculatorEngineTests" tests="13" skipped="0" failures="0" errors="0" timestamp="2026-09-07T19:28:23.595Z" hostname="localhost" time="0.055">
  <properties/>
  <testcase name="testPowerAndRoots" classname="com.cryonum.CalculatorEngineTests" time="0.017"/>
  <testcase name="modulusFactorialAndNestedFunctions" classname="com.cryonum.CalculatorEngineTests" time="0.002"/>
  <testcase name="invalidInputIsRejected" classname="com.cryonum.CalculatorEngineTests" time="0.004"/>
  <testcase name="exactFractionsAndTinyValues" classname="com.cryonum.CalculatorEngineTests" time="0.001"/>
  <testcase name="testPercent" classname="com.cryonum.CalculatorEngineTests" time="0.002"/>
  <testcase name="complexArithmetic" classname="com.cryonum.CalculatorEngineTests" time="0.008"/>
  <testcase name="polesAndDomains" classname="com.cryonum.CalculatorEngineTests" time="0.001"/>
  <testcase name="noRoundingFeedback" classname="com.cryonum.CalculatorEngineTests" time="0.004"/>
  <testcase name="testBasicArithmetic" classname="com.cryonum.CalculatorEngineTests" time="0.0"/>
  <testcase name="boundsAndCancellation" classname="com.cryonum.CalculatorEngineTests" time="0.003"/>
  <testcase name="fullPrecisionPersistence" classname="com.cryonum.CalculatorEngineTests" time="0.01"/>
  <testcase name="testTrigDegrees" classname="com.cryonum.CalculatorEngineTests" time="0.001"/>
  <testcase name="testLogAndExp" classname="com.cryonum.CalculatorEngineTests" time="0.0"/>
  <system-out><![CDATA[]]></system-out>
  <system-err><![CDATA[]]></system-err>
</testsuite>
